20:41:07 04/07/2015:	java.lang.Exception in METHOD "Remove" CLASS "Controller"
20:41:54 04/07/2015:	java.lang.Exception in METHOD "Remove(id not found)" CLASS "Controller"
20:42:35 04/07/2015:	java.lang.Exception in METHOD "Remove(id 50not found)" CLASS "Controller"
20:42:55 04/07/2015:	java.lang.Exception in METHOD "Remove(id 10not found)" CLASS "Controller"
20:55:34 04/07/2015:	org.postgresql.util.PSQLException: No value specified for parameter 1. in METHOD "StartDefault" CLASS "Controller"
20:55:48 04/07/2015:	org.postgresql.util.PSQLException: No value specified for parameter 1. in METHOD "StartDefault" CLASS "Controller"
20:55:51 04/07/2015:	org.postgresql.util.PSQLException: ResultSet not positioned properly, perhaps you need to call next. in METHOD "StartDefault" CLASS "Controller"
20:57:21 04/07/2015:	org.postgresql.util.PSQLException: No value specified for parameter 1. in METHOD "StartDefault" CLASS "Controller"
20:58:01 04/07/2015:	org.postgresql.util.PSQLException: No value specified for parameter 1. in METHOD "StartDefault" CLASS "Controller"
20:58:30 04/07/2015:	org.postgresql.util.PSQLException: ResultSet not positioned properly, perhaps you need to call next. in METHOD "StartDefault" CLASS "Controller"
21:02:18 04/07/2015:	java.lang.NullPointerException in METHOD "s" CLASS "Controller"
21:11:11 04/07/2015:	org.postgresql.util.PSQLException: ResultSet not positioned properly, perhaps you need to call next. in METHOD "StartDefault" CLASS "Controller"
01:18:33 05/07/2015:	org.postgresql.util.PSQLException: Connection refused. Check that the hostname and port are correct and that the postmaster is accepting TCP/IP connections. in METHOD "StartDefault" CLASS "Controller"
01:18:34 05/07/2015:	org.postgresql.util.PSQLException: Connection refused. Check that the hostname and port are correct and that the postmaster is accepting TCP/IP connections. in METHOD "StartDefault" CLASS "Controller"
01:18:35 05/07/2015:	org.postgresql.util.PSQLException: Connection refused. Check that the hostname and port are correct and that the postmaster is accepting TCP/IP connections. in METHOD "StartDefault" CLASS "Controller"
01:18:36 05/07/2015:	org.postgresql.util.PSQLException: Connection refused. Check that the hostname and port are correct and that the postmaster is accepting TCP/IP connections. in METHOD "StartDefault" CLASS "Controller"
01:18:37 05/07/2015:	org.postgresql.util.PSQLException: Connection refused. Check that the hostname and port are correct and that the postmaster is accepting TCP/IP connections. in METHOD "StartDefault" CLASS "Controller"
01:18:38 05/07/2015:	org.postgresql.util.PSQLException: Connection refused. Check that the hostname and port are correct and that the postmaster is accepting TCP/IP connections. in METHOD "StartDefault" CLASS "Controller"
01:18:40 05/07/2015:	org.postgresql.util.PSQLException: Connection refused. Check that the hostname and port are correct and that the postmaster is accepting TCP/IP connections. in METHOD "StartDefault" CLASS "Controller"
01:18:41 05/07/2015:	org.postgresql.util.PSQLException: Connection refused. Check that the hostname and port are correct and that the postmaster is accepting TCP/IP connections. in METHOD "StartDefault" CLASS "Controller"
01:18:42 05/07/2015:	org.postgresql.util.PSQLException: Connection refused. Check that the hostname and port are correct and that the postmaster is accepting TCP/IP connections. in METHOD "StartDefault" CLASS "Controller"
01:18:43 05/07/2015:	org.postgresql.util.PSQLException: Connection refused. Check that the hostname and port are correct and that the postmaster is accepting TCP/IP connections. in METHOD "StartDefault" CLASS "Controller"
01:18:44 05/07/2015:	org.postgresql.util.PSQLException: Connection refused. Check that the hostname and port are correct and that the postmaster is accepting TCP/IP connections. in METHOD "StartDefault" CLASS "Controller"
01:18:45 05/07/2015:	org.postgresql.util.PSQLException: Connection refused. Check that the hostname and port are correct and that the postmaster is accepting TCP/IP connections. in METHOD "StartDefault" CLASS "Controller"
01:18:46 05/07/2015:	org.postgresql.util.PSQLException: Connection refused. Check that the hostname and port are correct and that the postmaster is accepting TCP/IP connections. in METHOD "StartDefault" CLASS "Controller"
01:18:47 05/07/2015:	org.postgresql.util.PSQLException: Connection refused. Check that the hostname and port are correct and that the postmaster is accepting TCP/IP connections. in METHOD "StartDefault" CLASS "Controller"
01:18:48 05/07/2015:	org.postgresql.util.PSQLException: Connection refused. Check that the hostname and port are correct and that the postmaster is accepting TCP/IP connections. in METHOD "StartDefault" CLASS "Controller"
01:18:49 05/07/2015:	org.postgresql.util.PSQLException: Connection refused. Check that the hostname and port are correct and that the postmaster is accepting TCP/IP connections. in METHOD "StartDefault" CLASS "Controller"
01:18:50 05/07/2015:	org.postgresql.util.PSQLException: Connection refused. Check that the hostname and port are correct and that the postmaster is accepting TCP/IP connections. in METHOD "StartDefault" CLASS "Controller"
01:18:51 05/07/2015:	org.postgresql.util.PSQLException: Connection refused. Check that the hostname and port are correct and that the postmaster is accepting TCP/IP connections. in METHOD "StartDefault" CLASS "Controller"
01:18:52 05/07/2015:	org.postgresql.util.PSQLException: Connection refused. Check that the hostname and port are correct and that the postmaster is accepting TCP/IP connections. in METHOD "StartDefault" CLASS "Controller"
01:18:52 05/07/2015:	org.postgresql.util.PSQLException: Connection refused. Check that the hostname and port are correct and that the postmaster is accepting TCP/IP connections. in METHOD "StartDefault" CLASS "Controller"
01:18:53 05/07/2015:	org.postgresql.util.PSQLException: Connection refused. Check that the hostname and port are correct and that the postmaster is accepting TCP/IP connections. in METHOD "StartDefault" CLASS "Controller"
01:18:54 05/07/2015:	org.postgresql.util.PSQLException: Connection refused. Check that the hostname and port are correct and that the postmaster is accepting TCP/IP connections. in METHOD "StartDefault" CLASS "Controller"
01:18:55 05/07/2015:	org.postgresql.util.PSQLException: Connection refused. Check that the hostname and port are correct and that the postmaster is accepting TCP/IP connections. in METHOD "StartDefault" CLASS "Controller"
01:18:57 05/07/2015:	org.postgresql.util.PSQLException: Connection refused. Check that the hostname and port are correct and that the postmaster is accepting TCP/IP connections. in METHOD "StartDefault" CLASS "Controller"
01:18:58 05/07/2015:	org.postgresql.util.PSQLException: Connection refused. Check that the hostname and port are correct and that the postmaster is accepting TCP/IP connections. in METHOD "StartDefault" CLASS "Controller"
01:18:59 05/07/2015:	org.postgresql.util.PSQLException: Connection refused. Check that the hostname and port are correct and that the postmaster is accepting TCP/IP connections. in METHOD "StartDefault" CLASS "Controller"
01:19:00 05/07/2015:	org.postgresql.util.PSQLException: Connection refused. Check that the hostname and port are correct and that the postmaster is accepting TCP/IP connections. in METHOD "StartDefault" CLASS "Controller"
01:19:01 05/07/2015:	org.postgresql.util.PSQLException: Connection refused. Check that the hostname and port are correct and that the postmaster is accepting TCP/IP connections. in METHOD "StartDefault" CLASS "Controller"
01:19:02 05/07/2015:	org.postgresql.util.PSQLException: Connection refused. Check that the hostname and port are correct and that the postmaster is accepting TCP/IP connections. in METHOD "StartDefault" CLASS "Controller"
01:19:03 05/07/2015:	org.postgresql.util.PSQLException: Connection refused. Check that the hostname and port are correct and that the postmaster is accepting TCP/IP connections. in METHOD "StartDefault" CLASS "Controller"
01:19:04 05/07/2015:	org.postgresql.util.PSQLException: Connection refused. Check that the hostname and port are correct and that the postmaster is accepting TCP/IP connections. in METHOD "StartDefault" CLASS "Controller"
01:19:05 05/07/2015:	org.postgresql.util.PSQLException: Connection refused. Check that the hostname and port are correct and that the postmaster is accepting TCP/IP connections. in METHOD "StartDefault" CLASS "Controller"
01:53:18 05/07/2015:	org.postgresql.util.PSQLException: ResultSet not positioned properly, perhaps you need to call next. in METHOD "StartDefault" CLASS "Controller"
01:54:39 05/07/2015:	org.postgresql.util.PSQLException: ResultSet not positioned properly, perhaps you need to call next. in METHOD "StartDefault" CLASS "Controller"
01:54:45 05/07/2015:	org.postgresql.util.PSQLException: ResultSet not positioned properly, perhaps you need to call next. in METHOD "StartDefault" CLASS "Controller"
01:54:48 05/07/2015:	org.postgresql.util.PSQLException: ResultSet not positioned properly, perhaps you need to call next. in METHOD "StartDefault" CLASS "Controller"
01:55:22 05/07/2015:	org.postgresql.util.PSQLException: ResultSet not positioned properly, perhaps you need to call next. in METHOD "StartDefault" CLASS "Controller"
05/07/2015 23:14:58:	org.postgresql.util.PSQLException: ResultSet not positioned properly, perhaps you need to call next. in METHOD "StartDefault" CLASS "Controller"
05/07/2015 23:35:58:	org.postgresql.util.PSQLException: ResultSet not positioned properly, perhaps you need to call next. in METHOD "StartDefault" CLASS "Controller"
06/07/2015 00:27:58:	org.postgresql.util.PSQLException: Cannot rollback when autoCommit is enabled. in METHOD "s" CLASS "Controller"
06/07/2015 00:27:58:	org.postgresql.util.PSQLException: ERROR: function search_by_id(integer, integer, integer) does not exist
  Hint: No function matches the given name and argument types. You might need to add explicit type casts.
  Position: 15 in METHOD "s" CLASS "Controller"
06/07/2015 00:28:15:	org.postgresql.util.PSQLException: Cannot rollback when autoCommit is enabled. in METHOD "s" CLASS "Controller"
06/07/2015 00:28:15:	org.postgresql.util.PSQLException: Bad value for type date : pede, nonummy ut, molestie in, tempus eu, in METHOD "s" CLASS "Controller"
06/07/2015 00:28:30:	org.postgresql.util.PSQLException: Cannot rollback when autoCommit is enabled. in METHOD "s" CLASS "Controller"
06/07/2015 00:28:30:	org.postgresql.util.PSQLException: Bad value for type date : pede, nonummy ut, molestie in, tempus eu, in METHOD "s" CLASS "Controller"
06/07/2015 00:33:00:	org.postgresql.util.PSQLException: Cannot rollback when autoCommit is enabled. in METHOD "s" CLASS "Controller"
06/07/2015 00:33:00:	org.postgresql.util.PSQLException: ERROR: function search_id(integer, integer, integer) does not exist
  Hint: No function matches the given name and argument types. You might need to add explicit type casts.
  Position: 15 in METHOD "s" CLASS "Controller"
06/07/2015 00:35:12:	org.postgresql.util.PSQLException: Cannot rollback when autoCommit is enabled. in METHOD "s" CLASS "Controller"
06/07/2015 00:35:12:	org.postgresql.util.PSQLException: ERROR: function search_id(integer) does not exist
  Hint: No function matches the given name and argument types. You might need to add explicit type casts.
  Position: 15 in METHOD "s" CLASS "Controller"
06/07/2015 00:37:06:	org.postgresql.util.PSQLException: Cannot rollback when autoCommit is enabled. in METHOD "s" CLASS "Controller"
06/07/2015 00:37:06:	org.postgresql.util.PSQLException: ERROR: function search_id(integer) does not exist
  Hint: No function matches the given name and argument types. You might need to add explicit type casts.
  Position: 15 in METHOD "s" CLASS "Controller"
06/07/2015 00:38:04:	org.postgresql.util.PSQLException: Cannot rollback when autoCommit is enabled. in METHOD "s" CLASS "Controller"
06/07/2015 00:38:04:	org.postgresql.util.PSQLException: ERROR: function search_id(integer) does not exist
  Hint: No function matches the given name and argument types. You might need to add explicit type casts.
  Position: 15 in METHOD "s" CLASS "Controller"
06/07/2015 00:40:20:	org.postgresql.util.PSQLException: Cannot rollback when autoCommit is enabled. in METHOD "s" CLASS "Controller"
06/07/2015 00:40:20:	org.postgresql.util.PSQLException: ERROR: function search_by_id(integer, integer, integer) does not exist
  Hint: No function matches the given name and argument types. You might need to add explicit type casts.
  Position: 15 in METHOD "s" CLASS "Controller"
06/07/2015 06:32:35:	org.postgresql.util.PSQLException: ERROR: relation "tbuser" does not exist
  Position: 16 in METHOD "StartDefault" CLASS "Controller"
06/07/2015 06:32:39:	org.postgresql.util.PSQLException: ERROR: relation "tbuser" does not exist
  Position: 16 in METHOD "StartDefault" CLASS "Controller"
06/07/2015 07:28:18:	org.postgresql.util.PSQLException: ResultSet not positioned properly, perhaps you need to call next. in METHOD "StartDefault" CLASS "Controller"
06/07/2015 07:38:56:	org.postgresql.util.PSQLException: Cannot rollback when autoCommit is enabled. in METHOD "s" CLASS "Controller"
06/07/2015 07:38:56:	org.postgresql.util.PSQLException: ERROR: function search_by_id(integer, integer, integer) does not exist
  Hint: No function matches the given name and argument types. You might need to add explicit type casts.
  Position: 15 in METHOD "s" CLASS "Controller"
06/07/2015 07:40:59:	org.postgresql.util.PSQLException: ResultSet not positioned properly, perhaps you need to call next. in METHOD "StartDefault" CLASS "Controller"
06/07/2015 07:41:11:	java.lang.NullPointerException in METHOD "s" CLASS "Controller"
06/07/2015 07:41:15:	org.postgresql.util.PSQLException: Cannot rollback when autoCommit is enabled. in METHOD "s" CLASS "Controller"
06/07/2015 07:41:15:	org.postgresql.util.PSQLException: ERROR: function search_by_id(integer, integer, integer) does not exist
  Hint: No function matches the given name and argument types. You might need to add explicit type casts.
  Position: 15 in METHOD "s" CLASS "Controller"
06/07/2015 07:55:36:	org.postgresql.util.PSQLException: Cannot rollback when autoCommit is enabled. in METHOD "s" CLASS "Controller"
06/07/2015 07:55:36:	org.postgresql.util.PSQLException: ERROR: function search_by_id(integer, integer, integer) does not exist
  Hint: No function matches the given name and argument types. You might need to add explicit type casts.
  Position: 15 in METHOD "s" CLASS "Controller"
06/07/2015 07:57:21:	org.postgresql.util.PSQLException: Cannot rollback when autoCommit is enabled. in METHOD "s" CLASS "Controller"
06/07/2015 07:57:21:	org.postgresql.util.PSQLException: ERROR: function search_by_id(integer, integer, integer) does not exist
  Hint: No function matches the given name and argument types. You might need to add explicit type casts.
  Position: 15 in METHOD "s" CLASS "Controller"
06/07/2015 08:09:28:	org.postgresql.util.PSQLException: ERROR: relation "tbuser" does not exist
  Position: 16 in METHOD "StartDefault" CLASS "Controller"
06/07/2015 08:09:30:	org.postgresql.util.PSQLException: ERROR: relation "tbuser" does not exist
  Position: 16 in METHOD "StartDefault" CLASS "Controller"
06/07/2015 09:03:25:	org.postgresql.util.PSQLException: ERROR: relation "tbuser" does not exist
  Position: 16 in METHOD "StartDefault" CLASS "Controller"
06/07/2015 09:21:45:	org.postgresql.util.PSQLException: ERROR: relation "tbuser" does not exist
  Position: 16 in METHOD "StartDefault" CLASS "Controller"
06/07/2015 09:21:48:	org.postgresql.util.PSQLException: ERROR: relation "tbuser" does not exist
  Position: 16 in METHOD "StartDefault" CLASS "Controller"
06/07/2015 09:21:56:	org.postgresql.util.PSQLException: ERROR: relation "tbuser" does not exist
  Position: 16 in METHOD "StartDefault" CLASS "Controller"
06/07/2015 09:21:59:	org.postgresql.util.PSQLException: ERROR: relation "tbuser" does not exist
  Position: 16 in METHOD "StartDefault" CLASS "Controller"
06/07/2015 09:23:44:	org.postgresql.util.PSQLException: ERROR: relation "tbuser" does not exist
  Position: 16 in METHOD "StartDefault" CLASS "Controller"
06/07/2015 09:23:47:	org.postgresql.util.PSQLException: ERROR: relation "tbuser" does not exist
  Position: 16 in METHOD "StartDefault" CLASS "Controller"
06/07/2015 09:24:09:	org.postgresql.util.PSQLException: ResultSet not positioned properly, perhaps you need to call next. in METHOD "StartDefault" CLASS "Controller"
06/07/2015 09:24:11:	org.postgresql.util.PSQLException: ResultSet not positioned properly, perhaps you need to call next. in METHOD "StartDefault" CLASS "Controller"
06/07/2015 09:33:22:	org.postgresql.util.PSQLException: Cannot rollback when autoCommit is enabled. in METHOD "s" CLASS "Controller"
06/07/2015 09:33:22:	org.postgresql.util.PSQLException: The column index is out of range: 2, number of columns: 1. in METHOD "s" CLASS "Controller"
06/07/2015 09:33:41:	org.postgresql.util.PSQLException: Cannot rollback when autoCommit is enabled. in METHOD "s" CLASS "Controller"
06/07/2015 09:33:41:	org.postgresql.util.PSQLException: The column index is out of range: 2, number of columns: 1. in METHOD "s" CLASS "Controller"
06/07/2015 09:33:52:	org.postgresql.util.PSQLException: Cannot rollback when autoCommit is enabled. in METHOD "s" CLASS "Controller"
06/07/2015 09:33:52:	org.postgresql.util.PSQLException: The column index is out of range: 2, number of columns: 1. in METHOD "s" CLASS "Controller"
06/07/2015 09:37:55:	org.postgresql.util.PSQLException: Cannot rollback when autoCommit is enabled. in METHOD "u" CLASS "Controller"
06/07/2015 09:37:55:	org.postgresql.util.PSQLException: No value specified for parameter 1. in METHOD "u" CLASS "Controller"
06/07/2015 09:38:56:	org.postgresql.util.PSQLException: ResultSet not positioned properly, perhaps you need to call next. in METHOD "StartDefault" CLASS "Controller"
06/07/2015 09:39:10:	org.postgresql.util.PSQLException: Cannot rollback when autoCommit is enabled. in METHOD "u" CLASS "Controller"
06/07/2015 09:39:10:	org.postgresql.util.PSQLException: No value specified for parameter 1. in METHOD "u" CLASS "Controller"
06/07/2015 09:43:43:	org.postgresql.util.PSQLException: Cannot rollback when autoCommit is enabled. in METHOD "s" CLASS "Controller"
06/07/2015 09:43:43:	org.postgresql.util.PSQLException: The column index is out of range: 2, number of columns: 1. in METHOD "s" CLASS "Controller"
06/07/2015 09:44:09:	org.postgresql.util.PSQLException: Cannot rollback when autoCommit is enabled. in METHOD "s" CLASS "Controller"
06/07/2015 09:44:09:	org.postgresql.util.PSQLException: The column index is out of range: 2, number of columns: 1. in METHOD "s" CLASS "Controller"
06/07/2015 09:47:08:	org.postgresql.util.PSQLException: ResultSet not positioned properly, perhaps you need to call next. in METHOD "StartDefault" CLASS "Controller"
06/07/2015 09:47:19:	java.lang.NullPointerException in METHOD "s" CLASS "Controller"
06/07/2015 09:50:53:	org.postgresql.util.PSQLException: ResultSet not positioned properly, perhaps you need to call next. in METHOD "StartDefault" CLASS "Controller"
06/07/2015 10:04:04:	java.io.FileNotFoundException: dbarticlebtb.sql (The system cannot find the file specified) in METHOD "createDatabase" CLASS "DatabaseConnection"
06/07/2015 10:05:49:	org.postgresql.util.PSQLException: ResultSet not positioned properly, perhaps you need to call next. in METHOD "StartDefault" CLASS "Controller"
06/07/2015 10:05:58:	org.postgresql.util.PSQLException: ResultSet not positioned properly, perhaps you need to call next. in METHOD "StartDefault" CLASS "Controller"
06/07/2015 10:24:18:	org.postgresql.util.PSQLException: ERROR: database "dbarticleg1" already exists in METHOD "createDatabase" CLASS "DatabaseConnection"
06/07/2015 10:24:19:	org.postgresql.util.PSQLException: FATAL: database "dbarticleG1" does not exist in METHOD "StartDefault" CLASS "Controller"
06/07/2015 10:24:20:	org.postgresql.util.PSQLException: ERROR: database "dbarticleg1" already exists in METHOD "createDatabase" CLASS "DatabaseConnection"
06/07/2015 10:24:25:	org.postgresql.util.PSQLException: FATAL: database "dbarticleG1" does not exist in METHOD "StartDefault" CLASS "Controller"
06/07/2015 10:24:25:	org.postgresql.util.PSQLException: ERROR: database "dbarticleg1" already exists in METHOD "createDatabase" CLASS "DatabaseConnection"
06/07/2015 10:24:35:	org.postgresql.util.PSQLException: ERROR: database "dbarticleg1" already exists in METHOD "createDatabase" CLASS "DatabaseConnection"
06/07/2015 10:24:37:	org.postgresql.util.PSQLException: FATAL: database "dbarticleG1" does not exist in METHOD "StartDefault" CLASS "Controller"
06/07/2015 10:24:37:	org.postgresql.util.PSQLException: ERROR: database "dbarticleg1" already exists in METHOD "createDatabase" CLASS "DatabaseConnection"
06/07/2015 10:24:39:	org.postgresql.util.PSQLException: FATAL: database "dbarticleG1" does not exist in METHOD "StartDefault" CLASS "Controller"
06/07/2015 10:24:39:	org.postgresql.util.PSQLException: ERROR: database "dbarticleg1" already exists in METHOD "createDatabase" CLASS "DatabaseConnection"
06/07/2015 10:25:21:	org.postgresql.util.PSQLException: ERROR: database "dbarticleg1" already exists in METHOD "createDatabase" CLASS "DatabaseConnection"
06/07/2015 10:25:27:	org.postgresql.util.PSQLException: FATAL: database "dbarticleG1" does not exist in METHOD "StartDefault" CLASS "Controller"
06/07/2015 10:25:28:	org.postgresql.util.PSQLException: ERROR: database "dbarticleg1" already exists in METHOD "createDatabase" CLASS "DatabaseConnection"
06/07/2015 10:26:26:	org.postgresql.util.PSQLException: ERROR: database "dbarticleg1" already exists in METHOD "createDatabase" CLASS "DatabaseConnection"
06/07/2015 10:26:27:	org.postgresql.util.PSQLException: FATAL: database "dbarticleG1" does not exist in METHOD "StartDefault" CLASS "Controller"
06/07/2015 10:26:27:	org.postgresql.util.PSQLException: ERROR: database "dbarticleg1" already exists in METHOD "createDatabase" CLASS "DatabaseConnection"
06/07/2015 11:13:54:	org.postgresql.util.PSQLException: ERROR: relation "tbuser" does not exist
  Position: 16 in METHOD "StartDefault" CLASS "Controller"
06/07/2015 11:14:20:	org.postgresql.util.PSQLException: ResultSet not positioned properly, perhaps you need to call next. in METHOD "StartDefault" CLASS "Controller"
06/07/2015 13:38:29:	java.lang.Exception in METHOD "sortid" CLASS "class sort"
06/07/2015 13:39:02:	java.lang.Exception in METHOD "sortid" CLASS "class sort"
06/07/2015 13:39:10:	java.lang.Exception in METHOD "sortid" CLASS "class sort"
06/07/2015 13:40:04:	java.lang.Exception in METHOD "sortid" CLASS "class sort"
06/07/2015 13:40:13:	java.lang.Exception in METHOD "sortid" CLASS "class sort"
06/07/2015 13:41:09:	java.lang.Exception in METHOD "sortid" CLASS "class sort"
06/07/2015 13:42:46:	java.lang.Exception in METHOD "sortid" CLASS "class sort"
06/07/2015 13:42:46:	java.lang.Exception in METHOD "sortid" CLASS "class sort"
06/07/2015 13:43:08:	java.lang.Exception in METHOD "sortid" CLASS "class sort"
06/07/2015 13:43:08:	java.lang.Exception in METHOD "sortid" CLASS "class sort"
06/07/2015 13:47:23:	org.postgresql.util.PSQLException: ERROR: relation "tbuser" does not exist
  Position: 16 in METHOD "StartDefault" CLASS "Controller"
06/07/2015 13:48:45:	org.postgresql.util.PSQLException: ResultSet not positioned properly, perhaps you need to call next. in METHOD "StartDefault" CLASS "Controller"
06/07/2015 13:48:56:	java.lang.Exception in METHOD "sortid" CLASS "class sort"
06/07/2015 13:48:56:	java.lang.Exception in METHOD "sortid" CLASS "class sort"
06/07/2015 13:49:18:	java.lang.Exception in METHOD "sortid" CLASS "class sort"
06/07/2015 13:49:18:	java.lang.Exception in METHOD "sortid" CLASS "class sort"
06/07/2015 13:49:21:	java.lang.Exception in METHOD "sortid" CLASS "class sort"
06/07/2015 13:49:21:	java.lang.Exception in METHOD "sortid" CLASS "class sort"
06/07/2015 13:49:29:	java.lang.Exception in METHOD "sortid" CLASS "class sort"
06/07/2015 13:49:29:	java.lang.Exception in METHOD "sortid" CLASS "class sort"
06/07/2015 13:49:52:	java.lang.Exception in METHOD "sortid" CLASS "class sort"
06/07/2015 13:49:52:	java.lang.Exception in METHOD "sortid" CLASS "class sort"
06/07/2015 13:56:11:	org.postgresql.util.PSQLException: ERROR: relation "tbuser" does not exist
  Position: 16 in METHOD "StartDefault" CLASS "Controller"
06/07/2015 13:57:52:	java.lang.Exception in METHOD "sortid" CLASS "class sort"
06/07/2015 13:57:52:	java.lang.Exception in METHOD "sortid" CLASS "class sort"
06/07/2015 14:06:57:	java.lang.Exception in METHOD "sortid" CLASS "class sort"
06/07/2015 14:06:57:	java.lang.Exception in METHOD "sortid" CLASS "class sort"
06/07/2015 14:07:03:	java.lang.Exception in METHOD "sortid" CLASS "class sort"
06/07/2015 14:07:03:	java.lang.Exception in METHOD "sortid" CLASS "class sort"
06/07/2015 14:07:28:	java.lang.Exception in METHOD "sortid" CLASS "class sort"
06/07/2015 14:07:28:	java.lang.Exception in METHOD "sortid" CLASS "class sort"
06/07/2015 14:08:56:	java.lang.Exception in METHOD "sortid" CLASS "class sort"
06/07/2015 14:08:56:	java.lang.Exception in METHOD "sortid" CLASS "class sort"
06/07/2015 14:09:41:	org.postgresql.util.PSQLException: Cannot rollback when autoCommit is enabled. in METHOD "ss" CLASS "Controller"
06/07/2015 14:09:41:	org.postgresql.util.PSQLException: ERROR: function sort_by_title(integer, integer, boolean) does not exist
  Hint: No function matches the given name and argument types. You might need to add explicit type casts.
  Position: 15 in METHOD "ss" CLASS "Controller"
06/07/2015 14:09:51:	org.postgresql.util.PSQLException: Cannot rollback when autoCommit is enabled. in METHOD "ss" CLASS "Controller"
06/07/2015 14:09:51:	org.postgresql.util.PSQLException: ERROR: function sort_by_title(integer, integer, boolean) does not exist
  Hint: No function matches the given name and argument types. You might need to add explicit type casts.
  Position: 15 in METHOD "ss" CLASS "Controller"
06/07/2015 14:10:00:	java.lang.Exception in METHOD "sortid" CLASS "class sort"
06/07/2015 14:10:00:	java.lang.Exception in METHOD "sortid" CLASS "class sort"
06/07/2015 14:35:09:	java.lang.NullPointerException in METHOD "s" CLASS "Controller"
06/07/2015 14:56:31:	java.lang.Exception in METHOD "sortid" CLASS "class sort"
06/07/2015 14:56:31:	java.lang.Exception in METHOD "sortid" CLASS "class sort"
06/07/2015 14:56:38:	java.lang.Exception in METHOD "sortid" CLASS "class sort"
06/07/2015 14:56:38:	java.lang.Exception in METHOD "sortid" CLASS "class sort"
06/07/2015 15:21:14:	java.lang.Exception in METHOD "Remove(id 4not found)" CLASS "Controller"
06/07/2015 15:21:48:	org.postgresql.util.PSQLException: ResultSet not positioned properly, perhaps you need to call next. in METHOD "StartDefault" CLASS "Controller"
06/07/2015 15:28:57:	org.postgresql.util.PSQLException: ERROR: relation "tbuser" does not exist
  Position: 16 in METHOD "StartDefault" CLASS "Controller"
06/07/2015 15:54:12:	org.postgresql.util.PSQLException: ERROR: relation "tbuser" does not exist
  Position: 16 in METHOD "StartDefault" CLASS "Controller"
07/07/2015 10:15:40:	org.postgresql.util.PSQLException: ERROR: relation "tbuser" does not exist
  Position: 16 in METHOD "StartDefault" CLASS "Controller"
07/07/2015 10:18:04:	java.lang.Exception in METHOD "sortid" CLASS "class sort"
07/07/2015 10:18:04:	java.lang.Exception in METHOD "sortid" CLASS "class sort"
07/07/2015 10:31:19:	org.postgresql.util.PSQLException: ResultSet not positioned properly, perhaps you need to call next. in METHOD "StartDefault" CLASS "Controller"
07/07/2015 10:33:05:	org.postgresql.util.PSQLException: ResultSet not positioned properly, perhaps you need to call next. in METHOD "StartDefault" CLASS "Controller"
07/07/2015 10:44:39:	org.postgresql.util.PSQLException: ResultSet not positioned properly, perhaps you need to call next. in METHOD "StartDefault" CLASS "Controller"
